2024-Oct-07 20:54:34 [http-nio-8080-exec-1] ERROR com.peaslimited.shoppeas.exception.ApiExceptionHandler - 404 NOT_FOUND Record does not exist: Cannot invoke "Object.toString()" because the return value of "java.util.Map.get(Object)" is null 
2024-Oct-07 20:55:08 [http-nio-8080-exec-2] ERROR com.peaslimited.shoppeas.exception.ApiExceptionHandler - 404 NOT_FOUND Record does not exist: Cannot invoke "Object.toString()" because "unit_no_obj" is null 
2024-Oct-07 20:55:34 [http-nio-8080-exec-1] ERROR com.peaslimited.shoppeas.exception.ApiExceptionHandler - 404 NOT_FOUND Record does not exist: Cannot invoke "Object.toString()" because the return value of "java.util.Map.get(Object)" is null 
2024-Oct-07 20:59:05 [http-nio-8080-exec-1] ERROR com.peaslimited.shoppeas.exception.ApiExceptionHandler - 404 NOT_FOUND Record does not exist: Cannot invoke "Object.toString()" because the return value of "java.util.Map.get(Object)" is null 
2024-Oct-07 20:59:32 [http-nio-8080-exec-1] ERROR com.peaslimited.shoppeas.exception.ApiExceptionHandler - 404 NOT_FOUND Record does not exist: Cannot invoke "Object.toString()" because the return value of "java.util.Map.get(Object)" is null 
2024-Oct-07 23:20:58 [http-nio-8080-exec-1] ERROR com.peaslimited.shoppeas.exception.ApiExceptionHandler - Error occurred: Could not deserialize object. Failed to convert value of type java.lang.Long to String (found in field 'card_no') 
2024-Oct-07 23:22:09 [http-nio-8080-exec-2] ERROR com.peaslimited.shoppeas.exception.ApiExceptionHandler - Error occurred: Could not deserialize object. Failed to convert value of type java.lang.String to Date (found in field 'expiry_date') 
2024-Oct-07 23:37:22 [http-nio-8080-exec-3] ERROR com.peaslimited.shoppeas.exception.ApiExceptionHandler - 404 NOT_FOUND Record does not exist: Cannot invoke "Object.toString()" because the return value of "java.util.Map.get(Object)" is null 
2024-Oct-07 23:43:41 [http-nio-8080-exec-10] ERROR com.peaslimited.shoppeas.exception.ApiExceptionHandler - 404 NOT_FOUND Record does not exist: Cannot invoke "Object.toString()" because the return value of "java.util.Map.get(Object)" is null 
2024-Oct-07 23:47:49 [http-nio-8080-exec-2] ERROR com.peaslimited.shoppeas.exception.ApiExceptionHandler - 404 NOT_FOUND Record does not exist: Cannot invoke "Object.toString()" because the return value of "java.util.Map.get(Object)" is null 
2024-Oct-07 23:50:55 [http-nio-8080-exec-2] ERROR com.peaslimited.shoppeas.exception.ApiExceptionHandler - 404 NOT_FOUND Record does not exist: Cannot invoke "Object.toString()" because the return value of "java.util.Map.get(Object)" is null 
2024-Oct-07 23:50:58 [http-nio-8080-exec-3] ERROR com.peaslimited.shoppeas.exception.ApiExceptionHandler - 404 NOT_FOUND Record does not exist: Cannot invoke "Object.toString()" because the return value of "java.util.Map.get(Object)" is null 
2024-Oct-08 15:41:09 [http-nio-8080-exec-5] ERROR com.peaslimited.shoppeas.exception.ApiExceptionHandler - Error occurred: Resource location must not be null 
2024-Oct-08 15:43:11 [http-nio-8080-exec-6] ERROR com.peaslimited.shoppeas.exception.ApiExceptionHandler - Error occurred: Resource location must not be null 
2024-Oct-08 15:45:04 [http-nio-8080-exec-2] ERROR com.peaslimited.shoppeas.exception.ApiExceptionHandler - Error occurred: Resource location must not be null 
2024-Oct-08 15:47:12 [http-nio-8080-exec-1] ERROR com.peaslimited.shoppeas.exception.ApiExceptionHandler - Error occurred: Resource location must not be null 
2024-Oct-08 15:54:05 [http-nio-8080-exec-1] ERROR com.peaslimited.shoppeas.exception.ApiExceptionHandler - Error occurred: Location must not be null 
2024-Oct-08 15:55:02 [http-nio-8080-exec-1] ERROR com.peaslimited.shoppeas.exception.ApiExceptionHandler - Error occurred: Resource location must not be null 
2024-Oct-08 15:59:31 [http-nio-8080-exec-1] ERROR com.peaslimited.shoppeas.exception.ApiExceptionHandler - Error occurred: Format specifier '%s' 
2024-Oct-08 16:08:37 [http-nio-8080-exec-2] ERROR com.peaslimited.shoppeas.exception.ApiExceptionHandler - 404 NOT_FOUND Record does not exist: Cannot invoke "com.fasterxml.jackson.databind.JsonNode.asText()" because the return value of "com.fasterxml.jackson.databind.JsonNode.get(String)" is null 
2024-Oct-11 22:55:55 [http-nio-8080-exec-10] ERROR com.peaslimited.shoppeas.exception.ApiExceptionHandler - Error occurred: Access Denied 
2024-Oct-11 22:59:28 [http-nio-8080-exec-1] ERROR com.peaslimited.shoppeas.exception.ApiExceptionHandler - Error occurred: Access Denied 
2024-Oct-12 00:01:47 [http-nio-8080-exec-10] ERROR com.peaslimited.shoppeas.exception.ApiExceptionHandler - Error occurred: Access Denied 
2024-Oct-13 01:49:59 [http-nio-8080-exec-1] ERROR com.peaslimited.shoppeas.exception.ApiExceptionHandler - Error occurred: Access Denied 
2024-Oct-13 02:58:36 [http-nio-8080-exec-4] ERROR com.peaslimited.shoppeas.exception.ApiExceptionHandler - Error occurred: Access Denied 
2024-Oct-13 14:36:58 [http-nio-8080-exec-5] ERROR com.peaslimited.shoppeas.exception.ApiExceptionHandler - Error occurred: Access Denied 
2024-Oct-13 17:26:36 [http-nio-8080-exec-2] ERROR com.peaslimited.shoppeas.exception.ApiExceptionHandler - Error occurred: com.google.api.gax.rpc.ResourceExhaustedException: io.grpc.StatusRuntimeException: RESOURCE_EXHAUSTED: Quota exceeded. 
2024-Oct-13 17:32:50 [http-nio-8080-exec-4] ERROR com.peaslimited.shoppeas.exception.ApiExceptionHandler - Error occurred: com.google.api.gax.rpc.ResourceExhaustedException: io.grpc.StatusRuntimeException: RESOURCE_EXHAUSTED: Quota exceeded. 
2024-Oct-14 23:18:24 [http-nio-8080-exec-6] ERROR com.peaslimited.shoppeas.exception.ApiExceptionHandler - Error occurred: Access Denied 
2024-Oct-14 23:26:35 [http-nio-8080-exec-5] ERROR com.peaslimited.shoppeas.exception.ApiExceptionHandler - Error occurred: Access Denied 
2024-Oct-14 23:28:25 [http-nio-8080-exec-2] ERROR com.peaslimited.shoppeas.exception.ApiExceptionHandler - Error occurred: Access Denied 
2024-Oct-14 23:57:55 [http-nio-8080-exec-1] ERROR com.peaslimited.shoppeas.exception.ApiExceptionHandler - Error occurred: Access Denied 
2024-Oct-15 00:01:13 [http-nio-8080-exec-3] ERROR com.peaslimited.shoppeas.exception.ApiExceptionHandler - Error occurred: Access Denied 
2024-Oct-16 12:16:57 [http-nio-8080-exec-4] ERROR com.peaslimited.shoppeas.exception.ApiExceptionHandler - 401 UNAUTHORIZED Unauthenticated access: No user record found for the provided user ID: undefined 
2024-Oct-16 12:16:57 [http-nio-8080-exec-4] ERROR com.peaslimited.shoppeas.exception.ApiExceptionHandler - Error occurred: Access Denied 
2024-Oct-16 14:27:50 [http-nio-8080-exec-2] ERROR com.peaslimited.shoppeas.exception.ApiExceptionHandler - Error occurred: Access Denied 
2024-Oct-16 14:29:31 [http-nio-8080-exec-4] ERROR com.peaslimited.shoppeas.exception.ApiExceptionHandler - 401 UNAUTHORIZED Unauthenticated access: Unknown error while making a remote service call: Operation timed out 
2024-Oct-16 14:29:31 [http-nio-8080-exec-4] ERROR com.peaslimited.shoppeas.exception.ApiExceptionHandler - Error occurred: Access Denied 
2024-Oct-16 18:11:18 [http-nio-8080-exec-3] ERROR com.peaslimited.shoppeas.exception.ApiExceptionHandler - Error occurred: Access Denied 
2024-Oct-16 18:11:52 [http-nio-8080-exec-2] ERROR com.peaslimited.shoppeas.exception.ApiExceptionHandler - Error occurred: Failed to evaluate expression 'hasRole('CONSUMER', 'WHOLESALER')' 
2024-Oct-16 23:10:20 [http-nio-8080-exec-1] ERROR com.peaslimited.shoppeas.exception.ApiExceptionHandler - 401 UNAUTHORIZED Unauthenticated access: No user record found for the provided user ID: 6tleEl6hegg2B1nWp47ozOz26ui1 
2024-Oct-16 23:10:20 [http-nio-8080-exec-1] ERROR com.peaslimited.shoppeas.exception.ApiExceptionHandler - Error occurred: Access Denied 
2024-Oct-16 23:16:31 [http-nio-8080-exec-4] ERROR com.peaslimited.shoppeas.exception.ApiExceptionHandler - Error occurred: I/O error on GET request for "https://developers.onemap.sg/commonapi/search": developers.onemap.sg 
2024-Oct-16 23:26:20 [http-nio-8080-exec-1] ERROR com.peaslimited.shoppeas.exception.ApiExceptionHandler - Error occurred: I/O error on GET request for "https://developers.onemap.sg/api/common/elastic/search": developers.onemap.sg 
2024-Oct-16 23:40:43 [http-nio-8080-exec-1] ERROR com.peaslimited.shoppeas.exception.ApiExceptionHandler - Error occurred: I/O error on GET request for "https://developers.onemap.sg/commonapi/search": developers.onemap.sg 
2024-Oct-17 00:01:17 [http-nio-8080-exec-4] ERROR com.peaslimited.shoppeas.exception.ApiExceptionHandler - Error occurred: I/O error on GET request for "https://developers.onemap.sg/commonapi/search": developers.onemap.sg 
2024-Oct-17 00:11:02 [http-nio-8080-exec-2] ERROR com.peaslimited.shoppeas.exception.ApiExceptionHandler - Error occurred: I/O error on GET request for "https://developers.onemap.sg/api/common/elastic/search": developers.onemap.sg 
2024-Oct-17 00:12:30 [http-nio-8080-exec-1] ERROR com.peaslimited.shoppeas.exception.ApiExceptionHandler - Error occurred: 400 Bad Request: "{<EOL>  "error": "Please send the access token in the request header as a bearer token."<EOL>}" 
2024-Oct-17 00:15:32 [http-nio-8080-exec-4] ERROR com.peaslimited.shoppeas.exception.ApiExceptionHandler - Error occurred: 400 Bad Request: "{<EOL>  "error": "Please send the access token in the request header as a bearer token."<EOL>}" 
2024-Oct-17 00:27:18 [http-nio-8080-exec-1] ERROR com.peaslimited.shoppeas.exception.ApiExceptionHandler - Error occurred: 400 Bad Request: "{<EOL>  "error": "Please send the access token in the request header as a bearer token."<EOL>}" 
2024-Oct-17 00:29:35 [http-nio-8080-exec-2] ERROR com.peaslimited.shoppeas.exception.ApiExceptionHandler - 401 UNAUTHORIZED Unauthenticated access: No user record found for the provided user ID: eyJ0eXAiOiJKV1QiLCJhbGciOiJIUzI1NiJ9.eyJzdWIiOiI4ZjhlZDAwNTI2ZDk0ZTdlNGQ2YjI2NDhjMWEyM2E1OSIsImlzcyI6Imh0dHA6Ly9pbnRlcm5hbC1hbGItb20tcHJkZXppdC1pdC1uZXctMTYzMzc5OTU0Mi5hcC1zb3V0aGVhc3QtMS5lbGIuYW1hem9uYXdzLmNvbS9hcGkvdjIvdXNlci9wYXNzd29yZCIsImlhdCI6MTcyOTA5NTMxNCwiZXhwIjoxNzI5MzU0NTE0LCJuYmYiOjE3MjkwOTUzMTQsImp0aSI6IjRucUh3RUJjOTR4aVZnVVgiLCJ1c2VyX2lkIjo0OTA5LCJmb3JldmVyIjpmYWxzZX0.QuvyPsLHoVLosiByklx_fohHOUXSpJe6MPYAmTw483w 
