2024-Oct-15 21:41:05 [http-nio-8080-exec-4] ERROR com.peaslimited.shoppeas.exception.ApiExceptionHandler - Error occurred: Cannot generate variable name for non-typed Collection parameter type 
2024-Oct-11 22:55:55 [http-nio-8080-exec-10] ERROR com.peaslimited.shoppeas.exception.ApiExceptionHandler - Error occurred: Access Denied 
2024-Oct-11 22:59:28 [http-nio-8080-exec-1] ERROR com.peaslimited.shoppeas.exception.ApiExceptionHandler - Error occurred: Access Denied 
2024-Oct-12 00:01:47 [http-nio-8080-exec-10] ERROR com.peaslimited.shoppeas.exception.ApiExceptionHandler - Error occurred: Access Denied 
2024-Oct-13 01:49:59 [http-nio-8080-exec-1] ERROR com.peaslimited.shoppeas.exception.ApiExceptionHandler - Error occurred: Access Denied 
2024-Oct-13 02:58:36 [http-nio-8080-exec-4] ERROR com.peaslimited.shoppeas.exception.ApiExceptionHandler - Error occurred: Access Denied 
2024-Oct-13 14:36:58 [http-nio-8080-exec-5] ERROR com.peaslimited.shoppeas.exception.ApiExceptionHandler - Error occurred: Access Denied 
2024-Oct-13 17:26:36 [http-nio-8080-exec-2] ERROR com.peaslimited.shoppeas.exception.ApiExceptionHandler - Error occurred: com.google.api.gax.rpc.ResourceExhaustedException: io.grpc.StatusRuntimeException: RESOURCE_EXHAUSTED: Quota exceeded. 
2024-Oct-13 17:32:50 [http-nio-8080-exec-4] ERROR com.peaslimited.shoppeas.exception.ApiExceptionHandler - Error occurred: com.google.api.gax.rpc.ResourceExhaustedException: io.grpc.StatusRuntimeException: RESOURCE_EXHAUSTED: Quota exceeded. 
2024-Oct-14 23:18:24 [http-nio-8080-exec-6] ERROR com.peaslimited.shoppeas.exception.ApiExceptionHandler - Error occurred: Access Denied 
2024-Oct-14 23:26:35 [http-nio-8080-exec-5] ERROR com.peaslimited.shoppeas.exception.ApiExceptionHandler - Error occurred: Access Denied 
2024-Oct-14 23:28:25 [http-nio-8080-exec-2] ERROR com.peaslimited.shoppeas.exception.ApiExceptionHandler - Error occurred: Access Denied 
2024-Oct-14 23:57:55 [http-nio-8080-exec-1] ERROR com.peaslimited.shoppeas.exception.ApiExceptionHandler - Error occurred: Access Denied 
2024-Oct-15 00:01:13 [http-nio-8080-exec-3] ERROR com.peaslimited.shoppeas.exception.ApiExceptionHandler - Error occurred: Access Denied 
2024-Oct-16 12:16:57 [http-nio-8080-exec-4] ERROR com.peaslimited.shoppeas.exception.ApiExceptionHandler - 401 UNAUTHORIZED Unauthenticated access: No user record found for the provided user ID: undefined 
2024-Oct-16 12:16:57 [http-nio-8080-exec-4] ERROR com.peaslimited.shoppeas.exception.ApiExceptionHandler - Error occurred: Access Denied 
2024-Oct-16 14:27:50 [http-nio-8080-exec-2] ERROR com.peaslimited.shoppeas.exception.ApiExceptionHandler - Error occurred: Access Denied 
2024-Oct-16 14:29:31 [http-nio-8080-exec-4] ERROR com.peaslimited.shoppeas.exception.ApiExceptionHandler - 401 UNAUTHORIZED Unauthenticated access: Unknown error while making a remote service call: Operation timed out 
2024-Oct-16 14:29:31 [http-nio-8080-exec-4] ERROR com.peaslimited.shoppeas.exception.ApiExceptionHandler - Error occurred: Access Denied 
2024-Oct-16 18:11:18 [http-nio-8080-exec-3] ERROR com.peaslimited.shoppeas.exception.ApiExceptionHandler - Error occurred: Access Denied 
2024-Oct-16 18:11:52 [http-nio-8080-exec-2] ERROR com.peaslimited.shoppeas.exception.ApiExceptionHandler - Error occurred: Failed to evaluate expression 'hasRole('CONSUMER', 'WHOLESALER')' 
